This is pdfTeX, Version 3.141592653-2.6-1.40.24 (TeX Live 2022) (preloaded format=pdflatex 2022.7.13)  3 APR 2023 10:49
entering extended mode
 restricted \write18 enabled.
 %&-line parsing enabled.
**sample.tex
(./sample.tex
LaTeX2e <2021-11-15> patch level 1
L3 programming layer <2022-02-24> (./IEEEtran.cls
Document Class: IEEEtran 2002/11/18 revision V1.6b by Michael Shell
-- See the "IEEEtran_HOWTO" manual for usage information.
-- The source comments contain changelog notes.
\@IEEEtrantmpdimenA=\dimen138
\@IEEEtrantmpdimenB=\dimen139
\@IEEEtrantmpcountA=\count185
\@IEEEtrantmpcountB=\count186
\@IEEEtrantmptoksA=\toks16
LaTeX Font Info:    Trying to load font information for OT1+ptm on input line 7
76.
(d:/texlive/2022/texmf-dist/tex/latex/psnfss/ot1ptm.fd
File: ot1ptm.fd 2001/06/04 font definitions for OT1/ptm.
)
\@IEEEnormalsizefontbaselineskip=\skip47

-- This is a 10 point document.
\normalsizebaselineskip=\skip48
\normaljot=\skip49
LaTeX Font Info:    Font shape `OT1/ptm/bx/n' in size <5> not available
(Font)              Font shape `OT1/ptm/b/n' tried instead on input line 1095.
LaTeX Font Info:    Font shape `OT1/ptm/bx/it' in size <5> not available
(Font)              Font shape `OT1/ptm/b/it' tried instead on input line 1095.

LaTeX Font Info:    Font shape `OT1/ptm/bx/n' in size <7> not available
(Font)              Font shape `OT1/ptm/b/n' tried instead on input line 1095.
LaTeX Font Info:    Font shape `OT1/ptm/bx/it' in size <7> not available
(Font)              Font shape `OT1/ptm/b/it' tried instead on input line 1095.

LaTeX Font Info:    Font shape `OT1/ptm/bx/n' in size <8> not available
(Font)              Font shape `OT1/ptm/b/n' tried instead on input line 1095.
LaTeX Font Info:    Font shape `OT1/ptm/bx/it' in size <8> not available
(Font)              Font shape `OT1/ptm/b/it' tried instead on input line 1095.

LaTeX Font Info:    Font shape `OT1/ptm/bx/n' in size <9> not available
(Font)              Font shape `OT1/ptm/b/n' tried instead on input line 1095.
LaTeX Font Info:    Font shape `OT1/ptm/bx/it' in size <9> not available
(Font)              Font shape `OT1/ptm/b/it' tried instead on input line 1095.

LaTeX Font Info:    Font shape `OT1/ptm/bx/n' in size <10> not available
(Font)              Font shape `OT1/ptm/b/n' tried instead on input line 1095.
LaTeX Font Info:    Font shape `OT1/ptm/bx/it' in size <10> not available
(Font)              Font shape `OT1/ptm/b/it' tried instead on input line 1095.

LaTeX Font Info:    Font shape `OT1/ptm/bx/n' in size <11> not available
(Font)              Font shape `OT1/ptm/b/n' tried instead on input line 1095.
LaTeX Font Info:    Font shape `OT1/ptm/bx/it' in size <11> not available
(Font)              Font shape `OT1/ptm/b/it' tried instead on input line 1095.

LaTeX Font Info:    Font shape `OT1/ptm/bx/n' in size <12> not available
(Font)              Font shape `OT1/ptm/b/n' tried instead on input line 1095.
LaTeX Font Info:    Font shape `OT1/ptm/bx/it' in size <12> not available
(Font)              Font shape `OT1/ptm/b/it' tried instead on input line 1095.

LaTeX Font Info:    Font shape `OT1/ptm/bx/n' in size <17> not available
(Font)              Font shape `OT1/ptm/b/n' tried instead on input line 1095.
LaTeX Font Info:    Font shape `OT1/ptm/bx/it' in size <17> not available
(Font)              Font shape `OT1/ptm/b/it' tried instead on input line 1095.

LaTeX Font Info:    Font shape `OT1/ptm/bx/n' in size <20> not available
(Font)              Font shape `OT1/ptm/b/n' tried instead on input line 1095.
LaTeX Font Info:    Font shape `OT1/ptm/bx/it' in size <20> not available
(Font)              Font shape `OT1/ptm/b/it' tried instead on input line 1095.

LaTeX Font Info:    Font shape `OT1/ptm/bx/n' in size <24> not available
(Font)              Font shape `OT1/ptm/b/n' tried instead on input line 1095.
LaTeX Font Info:    Font shape `OT1/ptm/bx/it' in size <24> not available
(Font)              Font shape `OT1/ptm/b/it' tried instead on input line 1095.

\IEEEilabelindentA=\dimen140
\IEEEilabelindentB=\dimen141
\IEEEilabelindent=\dimen142
\IEEEelabelindent=\dimen143
\IEEEdlabelindent=\dimen144
\labelindent=\dimen145
\IEEEiednormlabelsep=\dimen146
\IEEEiedmathlabelsep=\dimen147
\IEEEiedtopsep=\skip50
\c@section=\count187
\c@subsection=\count188
\c@subsubsection=\count189
\c@paragraph=\count190
\c@IEEEsubequation=\count191
\abovecaptionskip=\skip51
\belowcaptionskip=\skip52
\c@figure=\count192
\c@table=\count193
\@IEEEeqnnumcols=\count194
\@IEEEeqncolcnt=\count195
\@IEEEtmpitemindent=\dimen148
\c@biography=\count196
\@IEEEtranrubishbin=\box50
)
** ATTENTION: Overriding command lockouts (line 7).
** ATTENTION: Overriding IEEE standard margins (line 8).
(d:/texlive/2022/texmf-dist/tex/latex/cite/cite.sty
LaTeX Info: Redefining \cite on input line 302.
LaTeX Info: Redefining \nocite on input line 332.
Package: cite 2015/02/27  v 5.5
)
(d:/texlive/2022/texmf-dist/tex/latex/graphics/graphicx.sty
Package: graphicx 2021/09/16 v1.2d Enhanced LaTeX Graphics (DPC,SPQR)

(d:/texlive/2022/texmf-dist/tex/latex/graphics/keyval.sty
Package: keyval 2014/10/28 v1.15 key=value parser (DPC)
\KV@toks@=\toks17
)
(d:/texlive/2022/texmf-dist/tex/latex/graphics/graphics.sty
Package: graphics 2021/03/04 v1.4d Standard LaTeX Graphics (DPC,SPQR)

(d:/texlive/2022/texmf-dist/tex/latex/graphics/trig.sty
Package: trig 2021/08/11 v1.11 sin cos tan (DPC)
)
(d:/texlive/2022/texmf-dist/tex/latex/graphics-cfg/graphics.cfg
File: graphics.cfg 2016/06/04 v1.11 sample graphics configuration
)
Package graphics Info: Driver file: pdftex.def on input line 107.

(d:/texlive/2022/texmf-dist/tex/latex/graphics-def/pdftex.def
File: pdftex.def 2020/10/05 v1.2a Graphics/color driver for pdftex
))
\Gin@req@height=\dimen149
\Gin@req@width=\dimen150
)
(d:/texlive/2022/texmf-dist/tex/latex/multirow/multirow.sty
Package: multirow 2021/03/15 v2.8 Span multiple rows of a table
\multirow@colwidth=\skip53
\multirow@cntb=\count197
\multirow@dima=\skip54
\bigstrutjot=\dimen151
)
(d:/texlive/2022/texmf-dist/tex/latex/geometry/geometry.sty
Package: geometry 2020/01/02 v5.9 Page Geometry

(d:/texlive/2022/texmf-dist/tex/generic/iftex/ifvtex.sty
Package: ifvtex 2019/10/25 v1.7 ifvtex legacy package. Use iftex instead.

(d:/texlive/2022/texmf-dist/tex/generic/iftex/iftex.sty
Package: iftex 2022/02/03 v1.0f TeX engine tests
))
\Gm@cnth=\count198
\Gm@cntv=\count199
\c@Gm@tempcnt=\count266
\Gm@bindingoffset=\dimen152
\Gm@wd@mp=\dimen153
\Gm@odd@mp=\dimen154
\Gm@even@mp=\dimen155
\Gm@layoutwidth=\dimen156
\Gm@layoutheight=\dimen157
\Gm@layouthoffset=\dimen158
\Gm@layoutvoffset=\dimen159
\Gm@dimlist=\toks18
)
(d:/texlive/2022/texmf-dist/tex/latex/epstopdf-pkg/epstopdf.sty
Package: epstopdf 2020-01-24 v2.11 Conversion with epstopdf on the fly (HO)

(d:/texlive/2022/texmf-dist/tex/generic/infwarerr/infwarerr.sty
Package: infwarerr 2019/12/03 v1.5 Providing info/warning/error messages (HO)
)
(d:/texlive/2022/texmf-dist/tex/latex/grfext/grfext.sty
Package: grfext 2019/12/03 v1.3 Manage graphics extensions (HO)

(d:/texlive/2022/texmf-dist/tex/generic/kvdefinekeys/kvdefinekeys.sty
Package: kvdefinekeys 2019-12-19 v1.6 Define keys (HO)
))
(d:/texlive/2022/texmf-dist/tex/latex/kvoptions/kvoptions.sty
Package: kvoptions 2020-10-07 v3.14 Key value format for package options (HO)

(d:/texlive/2022/texmf-dist/tex/generic/ltxcmds/ltxcmds.sty
Package: ltxcmds 2020-05-10 v1.25 LaTeX kernel commands for general use (HO)
)
(d:/texlive/2022/texmf-dist/tex/generic/kvsetkeys/kvsetkeys.sty
Package: kvsetkeys 2019/12/15 v1.18 Key value parser (HO)
))
(d:/texlive/2022/texmf-dist/tex/generic/pdftexcmds/pdftexcmds.sty
Package: pdftexcmds 2020-06-27 v0.33 Utility functions of pdfTeX for LuaTeX (HO
)
Package pdftexcmds Info: \pdf@primitive is available.
Package pdftexcmds Info: \pdf@ifprimitive is available.
Package pdftexcmds Info: \pdfdraftmode found.
)
(d:/texlive/2022/texmf-dist/tex/latex/epstopdf-pkg/epstopdf-base.sty
Package: epstopdf-base 2020-01-24 v2.11 Base part for package epstopdf
Package epstopdf-base Info: Redefining graphics rule for `.eps' on input line 4
85.
Package grfext Info: Graphics extension search list:
(grfext)             [.pdf,.png,.jpg,.mps,.jpeg,.jbig2,.jb2,.PDF,.PNG,.JPG,.JPE
G,.JBIG2,.JB2,.eps]
(grfext)             \AppendGraphicsExtensions on input line 504.

(d:/texlive/2022/texmf-dist/tex/latex/latexconfig/epstopdf-sys.cfg
File: epstopdf-sys.cfg 2010/07/13 v1.3 Configuration of (r)epstopdf for TeX Liv
e
)))
(d:/texlive/2022/texmf-dist/tex/latex/tools/bm.sty
Package: bm 2021/04/25 v1.2e Bold Symbol Support (DPC/FMi)
\symboldoperators=\mathgroup4
\symboldletters=\mathgroup5
\symboldsymbols=\mathgroup6
Package bm Info: No bold for \OMX/cmex/m/n, using \pmb.
LaTeX Font Info:    Redeclaring math alphabet \mathbf on input line 149.
)
(d:/texlive/2022/texmf-dist/tex/latex/amsmath/amsmath.sty
Package: amsmath 2021/10/15 v2.17l AMS math features
\@mathmargin=\skip55

For additional information on amsmath, use the `?' option.
(d:/texlive/2022/texmf-dist/tex/latex/amsmath/amstext.sty
Package: amstext 2021/08/26 v2.01 AMS text

(d:/texlive/2022/texmf-dist/tex/latex/amsmath/amsgen.sty
File: amsgen.sty 1999/11/30 v2.0 generic functions
\@emptytoks=\toks19
\ex@=\dimen160
))
(d:/texlive/2022/texmf-dist/tex/latex/amsmath/amsbsy.sty
Package: amsbsy 1999/11/29 v1.2d Bold Symbols
LaTeX Info: Redefining \boldsymbol on input line 28.
\pmbraise@=\dimen161
)
(d:/texlive/2022/texmf-dist/tex/latex/amsmath/amsopn.sty
Package: amsopn 2021/08/26 v2.02 operator names
)
\inf@bad=\count267
LaTeX Info: Redefining \frac on input line 234.
\uproot@=\count268
\leftroot@=\count269
LaTeX Info: Redefining \overline on input line 399.
\classnum@=\count270
\DOTSCASE@=\count271
LaTeX Info: Redefining \ldots on input line 496.
LaTeX Info: Redefining \dots on input line 499.
LaTeX Info: Redefining \cdots on input line 620.
\Mathstrutbox@=\box51
\strutbox@=\box52
\big@size=\dimen162
LaTeX Font Info:    Redeclaring font encoding OML on input line 743.
LaTeX Font Info:    Redeclaring font encoding OMS on input line 744.
\macc@depth=\count272
\c@MaxMatrixCols=\count273
\dotsspace@=\muskip16
\c@parentequation=\count274
\dspbrk@lvl=\count275
\tag@help=\toks20
\row@=\count276
\column@=\count277
\maxfields@=\count278
\andhelp@=\toks21
\eqnshift@=\dimen163
\alignsep@=\dimen164
\tagshift@=\dimen165
\tagwidth@=\dimen166
\totwidth@=\dimen167
\lineht@=\dimen168
\@envbody=\toks22
\multlinegap=\skip56
\multlinetaggap=\skip57
\mathdisplay@stack=\toks23
LaTeX Info: Redefining \[ on input line 2938.
LaTeX Info: Redefining \] on input line 2939.
)
\c@theorem=\count279
\c@definition=\count280
\c@lemma=\count281
\c@assumption=\count282

(d:/texlive/2022/texmf-dist/tex/latex/jknapltx/mathrsfs.sty
Package: mathrsfs 1996/01/01 Math RSFS package v1.0 (jk)
\symrsfs=\mathgroup7
)
(d:/texlive/2022/texmf-dist/tex/latex/amsfonts/amssymb.sty
Package: amssymb 2013/01/14 v3.01 AMS font symbols

(d:/texlive/2022/texmf-dist/tex/latex/amsfonts/amsfonts.sty
Package: amsfonts 2013/01/14 v3.01 Basic AMSFonts support
\symAMSa=\mathgroup8
\symAMSb=\mathgroup9
LaTeX Font Info:    Redeclaring math symbol \hbar on input line 98.
LaTeX Font Info:    Overwriting math alphabet `\mathfrak' in version `bold'
(Font)                  U/euf/m/n --> U/euf/b/n on input line 106.
))
(d:/texlive/2022/texmf-dist/tex/latex/l3backend/l3backend-pdftex.def
File: l3backend-pdftex.def 2022-02-07 L3 backend support: PDF output (pdfTeX)
\l__color_backend_stack_int=\count283
\l__pdf_internal_box=\box53
)
(./sample.aux)
\openout1 = `sample.aux'.

LaTeX Font Info:    Checking defaults for OML/cmm/m/it on input line 57.
LaTeX Font Info:    ... okay on input line 57.
LaTeX Font Info:    Checking defaults for OMS/cmsy/m/n on input line 57.
LaTeX Font Info:    ... okay on input line 57.
LaTeX Font Info:    Checking defaults for OT1/cmr/m/n on input line 57.
LaTeX Font Info:    ... okay on input line 57.
LaTeX Font Info:    Checking defaults for T1/cmr/m/n on input line 57.
LaTeX Font Info:    ... okay on input line 57.
LaTeX Font Info:    Checking defaults for TS1/cmr/m/n on input line 57.
LaTeX Font Info:    ... okay on input line 57.
LaTeX Font Info:    Checking defaults for OMX/cmex/m/n on input line 57.
LaTeX Font Info:    ... okay on input line 57.
LaTeX Font Info:    Checking defaults for U/cmr/m/n on input line 57.
LaTeX Font Info:    ... okay on input line 57.
 (d:/texlive/2022/texmf-dist/tex/context/base/mkii/supp-pdf.mkii
[Loading MPS to PDF converter (version 2006.09.02).]
\scratchcounter=\count284
\scratchdimen=\dimen169
\scratchbox=\box54
\nofMPsegments=\count285
\nofMParguments=\count286
\everyMPshowfont=\toks24
\MPscratchCnt=\count287
\MPscratchDim=\dimen170
\MPnumerator=\count288
\makeMPintoPDFobject=\count289
\everyMPtoPDFconversion=\toks25
)
*geometry* driver: auto-detecting
*geometry* detected driver: pdftex
*geometry* verbose mode - [ preamble ] result:
* driver: pdftex
* paper: letterpaper
* layout: <same size as paper>
* layoutoffset:(h,v)=(0.0pt,0.0pt)
* modes: 
* h-part:(L,W,R)=(51.31218pt, 511.67064pt, 51.31218pt)
* v-part:(T,H,B)=(67.93398pt, 641.75795pt, 85.27806pt)
* \paperwidth=614.295pt
* \paperheight=794.96999pt
* \textwidth=511.67064pt
* \textheight=641.75795pt
* \oddsidemargin=-20.95781pt
* \evensidemargin=-20.95781pt
* \topmargin=-4.33601pt
* \headheight=0.0pt
* \headsep=0.0pt
* \topskip=12.0pt
* \footskip=28.90755pt
* \marginparwidth=20.0pt
* \marginparsep=10.0pt
* \columnsep=17.34518pt
* \skip\footins=10.79993pt plus 4.79993pt minus 2.39996pt
* \hoffset=0.0pt
* \voffset=0.0pt
* \mag=1000
* \@twocolumntrue
* \@twosidefalse
* \@mparswitchfalse
* \@reversemarginfalse
* (1in=72.27pt=25.4mm, 1cm=28.453pt)

LaTeX Font Info:    Trying to load font information for OMS+ptm on input line 8
0.
(d:/texlive/2022/texmf-dist/tex/latex/psnfss/omsptm.fd
File: omsptm.fd 
)
LaTeX Font Info:    Font shape `OMS/ptm/m/it' in size <10> not available
(Font)              Font shape `OMS/cmsy/m/n' tried instead on input line 80.
LaTeX Font Info:    Trying to load font information for U+rsfs on input line 10
4.

(d:/texlive/2022/texmf-dist/tex/latex/jknapltx/ursfs.fd
File: ursfs.fd 1998/03/24 rsfs font definition file (jk)
)
LaTeX Font Info:    Trying to load font information for U+msa on input line 104
.

(d:/texlive/2022/texmf-dist/tex/latex/amsfonts/umsa.fd
File: umsa.fd 2013/01/14 v3.01 AMS symbols A
)
LaTeX Font Info:    Trying to load font information for U+msb on input line 104
.

(d:/texlive/2022/texmf-dist/tex/latex/amsfonts/umsb.fd
File: umsb.fd 2013/01/14 v3.01 AMS symbols B
) [1{d:/texlive/2022/texmf-var/fonts/map/pdftex/updmap/pdftex.map}


]
Package epstopdf Info: Source file: <CPF.eps>
(epstopdf)                    date: 2023-03-31 11:20:52
(epstopdf)                    size: 514443 bytes
(epstopdf)             Output file: <CPF-eps-converted-to.pdf>
(epstopdf)                    date: 2023-03-31 11:22:54
(epstopdf)                    size: 93078 bytes
(epstopdf)             Command: <repstopdf --outfile=CPF-eps-converted-to.pdf C
PF.eps>
(epstopdf)             \includegraphics on input line 132.
Package epstopdf Info: Output file is already uptodate.
<CPF-eps-converted-to.pdf, id=15, 247.92625pt x 174.6525pt>
File: CPF-eps-converted-to.pdf Graphic file (type pdf)
<use CPF-eps-converted-to.pdf>
Package pdftex.def Info: CPF-eps-converted-to.pdf  used on input line 132.
(pdftex.def)             Requested size: 213.39778pt x 150.80849pt.
 [2 <./CPF-eps-converted-to.pdf>]
Overfull \hbox (2.29294pt too wide) in paragraph at lines 202--204
\OT1/ptm/m/n/10 where $\OML/cmm/m/it/10 ![] \OT1/cmr/m/n/10 = []$\OT1/ptm/m/n/1
0 ,
 []


Underfull \hbox (badness 10000) in paragraph at lines 269--271

 []


Underfull \hbox (badness 10000) in paragraph at lines 308--310
\OT1/ptm/m/n/10 where $[]$ is es-ti-mated value of $\OML/cmm/b/it/10 W[]$\OT1/p
tm/m/n/10 , $\OML/cmm/b/it/10 ^^Z[] \OT1/cmr/m/n/10 =
 []

[3]
Package epstopdf Info: Source file: <CPFCS.eps>
(epstopdf)                    date: 2023-03-31 11:32:29
(epstopdf)                    size: 996482 bytes
(epstopdf)             Output file: <CPFCS-eps-converted-to.pdf>
(epstopdf)                    date: 2023-03-31 11:32:40
(epstopdf)                    size: 182678 bytes
(epstopdf)             Command: <repstopdf --outfile=CPFCS-eps-converted-to.pdf
 CPFCS.eps>
(epstopdf)             \includegraphics on input line 358.
Package epstopdf Info: Output file is already uptodate.
<CPFCS-eps-converted-to.pdf, id=33, 366.36874pt x 180.675pt>
File: CPFCS-eps-converted-to.pdf Graphic file (type pdf)
<use CPFCS-eps-converted-to.pdf>
Package pdftex.def Info: CPFCS-eps-converted-to.pdf  used on input line 358.
(pdftex.def)             Requested size: 227.62703pt x 119.50224pt.

Underfull \hbox (badness 10000) in paragraph at lines 409--411
\OT1/ptm/m/n/10 Let $\OML/cmm/m/it/10 ^^T[] \OT1/cmr/m/n/10 = []\OMS/cmsy/m/n/1
0 f[]\OT1/cmr/m/n/10 (\OML/cmm/b/it/10 Q\OT1/cmr/m/n/10 )\OML/cmm/m/it/10 ; \OT
1/cmr/m/n/10 ^^@[])\OMS/cmsy/m/n/10 g$\OT1/ptm/m/n/10 , $\OML/cmm/m/it/10 ^^T[]
 \OT1/cmr/m/n/10 =
 []


Underfull \hbox (badness 8000) in paragraph at lines 409--411
\OT1/cmr/m/n/10 2 []\OMS/cmsy/m/n/10 f[]\OT1/cmr/m/n/10 (\OML/cmm/b/it/10 K[]Z[
]\OT1/cmr/m/n/10 )\OML/cmm/m/it/10 ; []\OT1/cmr/m/n/10 (\OML/cmm/b/it/10 K[]\OT
1/cmr/m/n/10 )\OML/cmm/m/it/10 ; []; []\OMS/cmsy/m/n/10 g\OML/cmm/m/it/10 ; ^^T
 \OT1/cmr/m/n/10 =
 []

[4 <./CPFCS-eps-converted-to.pdf>]
Package epstopdf Info: Source file: <communication.eps>
(epstopdf)                    date: 2022-12-10 21:04:48
(epstopdf)                    size: 49254 bytes
(epstopdf)             Output file: <communication-eps-converted-to.pdf>
(epstopdf)                    date: 2023-03-19 15:36:56
(epstopdf)                    size: 18012 bytes
(epstopdf)             Command: <repstopdf --outfile=communication-eps-converte
d-to.pdf communication.eps>
(epstopdf)             \includegraphics on input line 455.
Package epstopdf Info: Output file is already uptodate.
<communication-eps-converted-to.pdf, id=39, 295.1025pt x 55.20625pt>
File: communication-eps-converted-to.pdf Graphic file (type pdf)
<use communication-eps-converted-to.pdf>
Package pdftex.def Info: communication-eps-converted-to.pdf  used on input line
 455.
(pdftex.def)             Requested size: 170.71652pt x 31.93707pt.
Package epstopdf Info: Source file: <map.eps>
(epstopdf)                    date: 2023-04-02 20:38:05
(epstopdf)                    size: 351348 bytes
(epstopdf)             Output file: <map-eps-converted-to.pdf>
(epstopdf)                    date: 2023-04-02 20:44:50
(epstopdf)                    size: 266130 bytes
(epstopdf)             Command: <repstopdf --outfile=map-eps-converted-to.pdf m
ap.eps>
(epstopdf)             \includegraphics on input line 476.
Package epstopdf Info: Output file is already uptodate.
<map-eps-converted-to.pdf, id=40, 421.575pt x 316.18124pt>
File: map-eps-converted-to.pdf Graphic file (type pdf)
<use map-eps-converted-to.pdf>
Package pdftex.def Info: map-eps-converted-to.pdf  used on input line 476.
(pdftex.def)             Requested size: 247.16272pt x 185.37296pt.
Package epstopdf Info: Source file: <path_following_errors.eps>
(epstopdf)                    date: 2023-04-02 20:00:12
(epstopdf)                    size: 334070 bytes
(epstopdf)             Output file: <path_following_errors-eps-converted-to.pdf
>
(epstopdf)                    date: 2023-04-02 20:44:53
(epstopdf)                    size: 231000 bytes
(epstopdf)             Command: <repstopdf --outfile=path_following_errors-eps-
converted-to.pdf path_following_errors.eps>
(epstopdf)             \includegraphics on input line 483.
Package epstopdf Info: Output file is already uptodate.
<path_following_errors-eps-converted-to.pdf, id=41, 421.575pt x 316.18124pt>
File: path_following_errors-eps-converted-to.pdf Graphic file (type pdf)
<use path_following_errors-eps-converted-to.pdf>
Package pdftex.def Info: path_following_errors-eps-converted-to.pdf  used on in
put line 483.
(pdftex.def)             Requested size: 247.16272pt x 185.37296pt.
Package epstopdf Info: Source file: <coordinated_errors.eps>
(epstopdf)                    date: 2023-04-02 20:42:17
(epstopdf)                    size: 216613 bytes
(epstopdf)             Output file: <coordinated_errors-eps-converted-to.pdf>
(epstopdf)                    date: 2023-04-02 20:44:56
(epstopdf)                    size: 130995 bytes
(epstopdf)             Command: <repstopdf --outfile=coordinated_errors-eps-con
verted-to.pdf coordinated_errors.eps>
(epstopdf)             \includegraphics on input line 490.
Package epstopdf Info: Output file is already uptodate.
<coordinated_errors-eps-converted-to.pdf, id=42, 421.575pt x 316.18124pt>
File: coordinated_errors-eps-converted-to.pdf Graphic file (type pdf)
<use coordinated_errors-eps-converted-to.pdf>
Package pdftex.def Info: coordinated_errors-eps-converted-to.pdf  used on input
 line 490.
(pdftex.def)             Requested size: 247.16272pt x 185.37296pt.
Package epstopdf Info: Source file: <velocities.eps>
(epstopdf)                    date: 2023-04-02 20:40:58
(epstopdf)                    size: 58305 bytes
(epstopdf)             Output file: <velocities-eps-converted-to.pdf>
(epstopdf)                    date: 2023-04-02 20:45:00
(epstopdf)                    size: 59295 bytes
(epstopdf)             Command: <repstopdf --outfile=velocities-eps-converted-t
o.pdf velocities.eps>
(epstopdf)             \includegraphics on input line 497.
Package epstopdf Info: Output file is already uptodate.
<velocities-eps-converted-to.pdf, id=43, 421.575pt x 316.18124pt>
File: velocities-eps-converted-to.pdf Graphic file (type pdf)
<use velocities-eps-converted-to.pdf>
Package pdftex.def Info: velocities-eps-converted-to.pdf  used on input line 49
7.
(pdftex.def)             Requested size: 247.16272pt x 185.37296pt.
Package epstopdf Info: Source file: <RBFNN.eps>
(epstopdf)                    date: 2023-04-02 20:07:22
(epstopdf)                    size: 342631 bytes
(epstopdf)             Output file: <RBFNN-eps-converted-to.pdf>
(epstopdf)                    date: 2023-04-02 20:45:03
(epstopdf)                    size: 228453 bytes
(epstopdf)             Command: <repstopdf --outfile=RBFNN-eps-converted-to.pdf
 RBFNN.eps>
(epstopdf)             \includegraphics on input line 504.
Package epstopdf Info: Output file is already uptodate.
<RBFNN-eps-converted-to.pdf, id=44, 421.575pt x 316.18124pt>
File: RBFNN-eps-converted-to.pdf Graphic file (type pdf)
<use RBFNN-eps-converted-to.pdf>
Package pdftex.def Info: RBFNN-eps-converted-to.pdf  used on input line 504.
(pdftex.def)             Requested size: 247.16272pt x 185.37296pt.
 [5 <./communication-eps-converted-to.pdf> <./map-eps-converted-to.pdf> <./path
_following_errors-eps-converted-to.pdf>]

** Conference Paper **
Before submitting the final camera ready copy, remember to:

 1. Manually equalize the lengths of two columns on the last page
 of your paper;

 2. Ensure that any PostScript and/or PDF output post-processing
 uses only Type 1 fonts and that every step in the generation
 process uses the US letter (8.5in X 11in) paper size.

[6 <./coordinated_errors-eps-converted-to.pdf> <./velocities-eps-converted-to.p
df> <./RBFNN-eps-converted-to.pdf>] (./sample.aux) ) 
Here is how much of TeX's memory you used:
 4639 strings out of 478268
 75109 string characters out of 5850345
 400972 words of memory out of 5000000
 22764 multiletter control sequences out of 15000+600000
 504713 words of font info for 97 fonts, out of 8000000 for 9000
 1141 hyphenation exceptions out of 8191
 55i,11n,62p,1773b,342s stack positions out of 10000i,1000n,20000p,200000b,200000s
{d:/texlive/2022/texmf-dist
/fonts/enc/dvips/base/8r.enc}<d:/texlive/2022/texmf-dist/fonts/type1/public/ams
fonts/cm/cmbsy10.pfb><d:/texlive/2022/texmf-dist/fonts/type1/public/amsfonts/cm
/cmbx10.pfb><d:/texlive/2022/texmf-dist/fonts/type1/public/amsfonts/cm/cmex10.p
fb><d:/texlive/2022/texmf-dist/fonts/type1/public/amsfonts/cm/cmmi10.pfb><d:/te
xlive/2022/texmf-dist/fonts/type1/public/amsfonts/cm/cmmi5.pfb><d:/texlive/2022
/texmf-dist/fonts/type1/public/amsfonts/cm/cmmi7.pfb><d:/texlive/2022/texmf-dis
t/fonts/type1/public/amsfonts/cm/cmmib10.pfb><d:/texlive/2022/texmf-dist/fonts/
type1/public/amsfonts/cm/cmr10.pfb><d:/texlive/2022/texmf-dist/fonts/type1/publ
ic/amsfonts/cm/cmr5.pfb><d:/texlive/2022/texmf-dist/fonts/type1/public/amsfonts
/cm/cmr7.pfb><d:/texlive/2022/texmf-dist/fonts/type1/public/amsfonts/cm/cmsy10.
pfb><d:/texlive/2022/texmf-dist/fonts/type1/public/amsfonts/cm/cmsy5.pfb><d:/te
xlive/2022/texmf-dist/fonts/type1/public/amsfonts/cm/cmsy7.pfb><d:/texlive/2022
/texmf-dist/fonts/type1/public/amsfonts/symbols/msbm10.pfb><d:/texlive/2022/tex
mf-dist/fonts/type1/urw/times/utmb8a.pfb><d:/texlive/2022/texmf-dist/fonts/type
1/urw/times/utmbi8a.pfb><d:/texlive/2022/texmf-dist/fonts/type1/urw/times/utmr8
a.pfb><d:/texlive/2022/texmf-dist/fonts/type1/urw/times/utmri8a.pfb>
Output written on sample.pdf (6 pages, 1427318 bytes).
PDF statistics:
 334 PDF objects out of 1000 (max. 8388607)
 79 compressed objects within 1 object stream
 0 named destinations out of 1000 (max. 500000)
 41 words of extra memory for PDF output out of 10000 (max. 10000000)

