This is pdfTeX, Version 3.141592653-2.6-1.40.24 (TeX Live 2022) (preloaded format=pdflatex 2022.7.13)  15 MAR 2023 10:26
entering extended mode
 restricted \write18 enabled.
 %&-line parsing enabled.
**sample_english.tex
(./sample_english.tex
LaTeX2e <2021-11-15> patch level 1
L3 programming layer <2022-02-24> (./cccconf.cls
Document Class: cccconf 2010/02/10
(d:/texlive/2022/texmf-dist/tex/latex/base/article.cls
Document Class: article 2021/10/04 v1.4n Standard LaTeX document class
(d:/texlive/2022/texmf-dist/tex/latex/base/size10.clo
File: size10.clo 2021/10/04 v1.4n Standard LaTeX file (size option)
)
\c@part=\count185
\c@section=\count186
\c@subsection=\count187
\c@subsubsection=\count188
\c@paragraph=\count189
\c@subparagraph=\count190
\c@figure=\count191
\c@table=\count192
\abovecaptionskip=\skip47
\belowcaptionskip=\skip48
\bibindent=\dimen138
)
(d:/texlive/2022/texmf-dist/tex/latex/preprint/balance.sty
Package: balance 1999/02/23 4.3 (PWD)
\oldvsize=\dimen139
)
(d:/texlive/2022/texmf-dist/tex/latex/psnfss/times.sty
Package: times 2020/03/25 PSNFSS-v9.3 (SPQR) 
)
(d:/texlive/2022/texmf-dist/tex/latex/graphics/graphicx.sty
Package: graphicx 2021/09/16 v1.2d Enhanced LaTeX Graphics (DPC,SPQR)

(d:/texlive/2022/texmf-dist/tex/latex/graphics/keyval.sty
Package: keyval 2014/10/28 v1.15 key=value parser (DPC)
\KV@toks@=\toks16
)
(d:/texlive/2022/texmf-dist/tex/latex/graphics/graphics.sty
Package: graphics 2021/03/04 v1.4d Standard LaTeX Graphics (DPC,SPQR)

(d:/texlive/2022/texmf-dist/tex/latex/graphics/trig.sty
Package: trig 2021/08/11 v1.11 sin cos tan (DPC)
)
(d:/texlive/2022/texmf-dist/tex/latex/graphics-cfg/graphics.cfg
File: graphics.cfg 2016/06/04 v1.11 sample graphics configuration
)
Package graphics Info: Driver file: pdftex.def on input line 107.

(d:/texlive/2022/texmf-dist/tex/latex/graphics-def/pdftex.def
File: pdftex.def 2020/10/05 v1.2a Graphics/color driver for pdftex
))
\Gin@req@height=\dimen140
\Gin@req@width=\dimen141
)
(d:/texlive/2022/texmf-dist/tex/latex/geometry/geometry.sty
Package: geometry 2020/01/02 v5.9 Page Geometry

(d:/texlive/2022/texmf-dist/tex/generic/iftex/ifvtex.sty
Package: ifvtex 2019/10/25 v1.7 ifvtex legacy package. Use iftex instead.

(d:/texlive/2022/texmf-dist/tex/generic/iftex/iftex.sty
Package: iftex 2022/02/03 v1.0f TeX engine tests
))
\Gm@cnth=\count193
\Gm@cntv=\count194
\c@Gm@tempcnt=\count195
\Gm@bindingoffset=\dimen142
\Gm@wd@mp=\dimen143
\Gm@odd@mp=\dimen144
\Gm@even@mp=\dimen145
\Gm@layoutwidth=\dimen146
\Gm@layoutheight=\dimen147
\Gm@layouthoffset=\dimen148
\Gm@layoutvoffset=\dimen149
\Gm@dimlist=\toks17
)
(d:/texlive/2022/texmf-dist/tex/latex/tools/indentfirst.sty
Package: indentfirst 1995/11/23 v1.03 Indent first paragraph (DPC)
)
\titleb@x=\box50
\c@affno=\count196
\@afflist=\toks18
\@abstract=\box51
)
(d:/texlive/2022/texmf-dist/tex/latex/natbib/natbib.sty
Package: natbib 2010/09/13 8.31b (PWD, AO)
\bibhang=\skip49
\bibsep=\skip50
LaTeX Info: Redefining \cite on input line 694.
\c@NAT@ctr=\count197
)
(d:/texlive/2022/texmf-dist/tex/latex/epstopdf-pkg/epstopdf.sty
Package: epstopdf 2020-01-24 v2.11 Conversion with epstopdf on the fly (HO)

(d:/texlive/2022/texmf-dist/tex/generic/infwarerr/infwarerr.sty
Package: infwarerr 2019/12/03 v1.5 Providing info/warning/error messages (HO)
)
(d:/texlive/2022/texmf-dist/tex/latex/grfext/grfext.sty
Package: grfext 2019/12/03 v1.3 Manage graphics extensions (HO)

(d:/texlive/2022/texmf-dist/tex/generic/kvdefinekeys/kvdefinekeys.sty
Package: kvdefinekeys 2019-12-19 v1.6 Define keys (HO)
))
(d:/texlive/2022/texmf-dist/tex/latex/kvoptions/kvoptions.sty
Package: kvoptions 2020-10-07 v3.14 Key value format for package options (HO)

(d:/texlive/2022/texmf-dist/tex/generic/ltxcmds/ltxcmds.sty
Package: ltxcmds 2020-05-10 v1.25 LaTeX kernel commands for general use (HO)
)
(d:/texlive/2022/texmf-dist/tex/generic/kvsetkeys/kvsetkeys.sty
Package: kvsetkeys 2019/12/15 v1.18 Key value parser (HO)
))
(d:/texlive/2022/texmf-dist/tex/generic/pdftexcmds/pdftexcmds.sty
Package: pdftexcmds 2020-06-27 v0.33 Utility functions of pdfTeX for LuaTeX (HO
)
Package pdftexcmds Info: \pdf@primitive is available.
Package pdftexcmds Info: \pdf@ifprimitive is available.
Package pdftexcmds Info: \pdfdraftmode found.
)
(d:/texlive/2022/texmf-dist/tex/latex/epstopdf-pkg/epstopdf-base.sty
Package: epstopdf-base 2020-01-24 v2.11 Base part for package epstopdf
Package epstopdf-base Info: Redefining graphics rule for `.eps' on input line 4
85.
Package grfext Info: Graphics extension search list:
(grfext)             [.pdf,.png,.jpg,.mps,.jpeg,.jbig2,.jb2,.PDF,.PNG,.JPG,.JPE
G,.JBIG2,.JB2,.eps]
(grfext)             \AppendGraphicsExtensions on input line 504.

(d:/texlive/2022/texmf-dist/tex/latex/latexconfig/epstopdf-sys.cfg
File: epstopdf-sys.cfg 2010/07/13 v1.3 Configuration of (r)epstopdf for TeX Liv
e
)))
(d:/texlive/2022/texmf-dist/tex/latex/tools/bm.sty
Package: bm 2021/04/25 v1.2e Bold Symbol Support (DPC/FMi)
\symboldoperators=\mathgroup4
\symboldletters=\mathgroup5
\symboldsymbols=\mathgroup6
Package bm Info: No bold for \OMX/cmex/m/n, using \pmb.
LaTeX Font Info:    Redeclaring math alphabet \mathbf on input line 149.
)
(d:/texlive/2022/texmf-dist/tex/latex/amsmath/amsmath.sty
Package: amsmath 2021/10/15 v2.17l AMS math features
\@mathmargin=\skip51

For additional information on amsmath, use the `?' option.
(d:/texlive/2022/texmf-dist/tex/latex/amsmath/amstext.sty
Package: amstext 2021/08/26 v2.01 AMS text

(d:/texlive/2022/texmf-dist/tex/latex/amsmath/amsgen.sty
File: amsgen.sty 1999/11/30 v2.0 generic functions
\@emptytoks=\toks19
\ex@=\dimen150
))
(d:/texlive/2022/texmf-dist/tex/latex/amsmath/amsbsy.sty
Package: amsbsy 1999/11/29 v1.2d Bold Symbols
LaTeX Info: Redefining \boldsymbol on input line 28.
\pmbraise@=\dimen151
)
(d:/texlive/2022/texmf-dist/tex/latex/amsmath/amsopn.sty
Package: amsopn 2021/08/26 v2.02 operator names
)
\inf@bad=\count198
LaTeX Info: Redefining \frac on input line 234.
\uproot@=\count199
\leftroot@=\count266
LaTeX Info: Redefining \overline on input line 399.
\classnum@=\count267
\DOTSCASE@=\count268
LaTeX Info: Redefining \ldots on input line 496.
LaTeX Info: Redefining \dots on input line 499.
LaTeX Info: Redefining \cdots on input line 620.
\Mathstrutbox@=\box52
\strutbox@=\box53
\big@size=\dimen152
LaTeX Font Info:    Redeclaring font encoding OML on input line 743.
LaTeX Font Info:    Redeclaring font encoding OMS on input line 744.
\macc@depth=\count269
\c@MaxMatrixCols=\count270
\dotsspace@=\muskip16
\c@parentequation=\count271
\dspbrk@lvl=\count272
\tag@help=\toks20
\row@=\count273
\column@=\count274
\maxfields@=\count275
\andhelp@=\toks21
\eqnshift@=\dimen153
\alignsep@=\dimen154
\tagshift@=\dimen155
\tagwidth@=\dimen156
\totwidth@=\dimen157
\lineht@=\dimen158
\@envbody=\toks22
\multlinegap=\skip52
\multlinetaggap=\skip53
\mathdisplay@stack=\toks23
LaTeX Info: Redefining \[ on input line 2938.
LaTeX Info: Redefining \] on input line 2939.
)
(d:/texlive/2022/texmf-dist/tex/latex/amscls/amsthm.sty
Package: amsthm 2020/05/29 v2.20.6
\thm@style=\toks24
\thm@bodyfont=\toks25
\thm@headfont=\toks26
\thm@notefont=\toks27
\thm@headpunct=\toks28
\thm@preskip=\skip54
\thm@postskip=\skip55
\thm@headsep=\skip56
\dth@everypar=\toks29
)
\c@theorem=\count276
\c@definition=\count277
\c@lemma=\count278
\c@assumption=\count279

(d:/texlive/2022/texmf-dist/tex/latex/jknapltx/mathrsfs.sty
Package: mathrsfs 1996/01/01 Math RSFS package v1.0 (jk)
\symrsfs=\mathgroup7
)
(d:/texlive/2022/texmf-dist/tex/latex/amsfonts/amssymb.sty
Package: amssymb 2013/01/14 v3.01 AMS font symbols

(d:/texlive/2022/texmf-dist/tex/latex/amsfonts/amsfonts.sty
Package: amsfonts 2013/01/14 v3.01 Basic AMSFonts support
\symAMSa=\mathgroup8
\symAMSb=\mathgroup9
LaTeX Font Info:    Redeclaring math symbol \hbar on input line 98.
LaTeX Font Info:    Overwriting math alphabet `\mathfrak' in version `bold'
(Font)                  U/euf/m/n --> U/euf/b/n on input line 106.
))
LaTeX Font Info:    Trying to load font information for OT1+ptm on input line 1
9.

(d:/texlive/2022/texmf-dist/tex/latex/psnfss/ot1ptm.fd
File: ot1ptm.fd 2001/06/04 font definitions for OT1/ptm.
)
(d:/texlive/2022/texmf-dist/tex/latex/l3backend/l3backend-pdftex.def
File: l3backend-pdftex.def 2022-02-07 L3 backend support: PDF output (pdfTeX)
\l__color_backend_stack_int=\count280
\l__pdf_internal_box=\box54
)
(./sample_english.aux

LaTeX Warning: Label `V2dot' multiply defined.

)
\openout1 = `sample_english.aux'.

LaTeX Font Info:    Checking defaults for OML/cmm/m/it on input line 19.
LaTeX Font Info:    ... okay on input line 19.
LaTeX Font Info:    Checking defaults for OMS/cmsy/m/n on input line 19.
LaTeX Font Info:    ... okay on input line 19.
LaTeX Font Info:    Checking defaults for OT1/cmr/m/n on input line 19.
LaTeX Font Info:    ... okay on input line 19.
LaTeX Font Info:    Checking defaults for T1/cmr/m/n on input line 19.
LaTeX Font Info:    ... okay on input line 19.
LaTeX Font Info:    Checking defaults for TS1/cmr/m/n on input line 19.
LaTeX Font Info:    ... okay on input line 19.
LaTeX Font Info:    Checking defaults for OMX/cmex/m/n on input line 19.
LaTeX Font Info:    ... okay on input line 19.
LaTeX Font Info:    Checking defaults for U/cmr/m/n on input line 19.
LaTeX Font Info:    ... okay on input line 19.
 (d:/texlive/2022/texmf-dist/tex/context/base/mkii/supp-pdf.mkii
[Loading MPS to PDF converter (version 2006.09.02).]
\scratchcounter=\count281
\scratchdimen=\dimen159
\scratchbox=\box55
\nofMPsegments=\count282
\nofMParguments=\count283
\everyMPshowfont=\toks30
\MPscratchCnt=\count284
\MPscratchDim=\dimen160
\MPnumerator=\count285
\makeMPintoPDFobject=\count286
\everyMPtoPDFconversion=\toks31
)
*geometry* driver: auto-detecting
*geometry* detected driver: pdftex
*geometry* verbose mode - [ preamble ] result:
* driver: pdftex
* paper: <default>
* layout: <same size as paper>
* layoutoffset:(h,v)=(0.0pt,0.0pt)
* modes: 
* h-part:(L,W,R)=(48.36958pt, 500.7687pt, 48.36958pt)
* v-part:(T,H,B)=(56.9055pt, 725.54538pt, 62.59596pt)
* \paperwidth=597.50787pt
* \paperheight=845.04684pt
* \textwidth=500.7687pt
* \textheight=725.54538pt
* \oddsidemargin=-23.9004pt
* \evensidemargin=-23.9004pt
* \topmargin=-52.36449pt
* \headheight=12.0pt
* \headsep=25.0pt
* \topskip=10.0pt
* \footskip=30.0pt
* \marginparwidth=4.0pt
* \marginparsep=10.0pt
* \columnsep=19.91684pt
* \skip\footins=9.0pt plus 4.0pt minus 2.0pt
* \hoffset=0.0pt
* \voffset=0.0pt
* \mag=1000
* \@twocolumntrue
* \@twosidefalse
* \@mparswitchfalse
* \@reversemarginfalse
* (1in=72.27pt=25.4mm, 1cm=28.453pt)


Underfull \vbox (badness 10000) has occurred while \output is active []

LaTeX Font Info:    Trying to load font information for U+rsfs on input line 60
.

(d:/texlive/2022/texmf-dist/tex/latex/jknapltx/ursfs.fd
File: ursfs.fd 1998/03/24 rsfs font definition file (jk)
)
LaTeX Font Info:    Trying to load font information for U+msa on input line 60.


(d:/texlive/2022/texmf-dist/tex/latex/amsfonts/umsa.fd
File: umsa.fd 2013/01/14 v3.01 AMS symbols A
)
LaTeX Font Info:    Trying to load font information for U+msb on input line 60.


(d:/texlive/2022/texmf-dist/tex/latex/amsfonts/umsb.fd
File: umsb.fd 2013/01/14 v3.01 AMS symbols B
) [1{d:/texlive/2022/texmf-var/fonts/map/pdftex/updmap/pdftex.map}


]
Overfull \hbox (1.55258pt too wide) detected at line 83
[][]
 []

Package epstopdf Info: Source file: <CPF.eps>
(epstopdf)                    date: 2022-12-10 21:03:36
(epstopdf)                    size: 84629 bytes
(epstopdf)             Output file: <CPF-eps-converted-to.pdf>
(epstopdf)                    date: 2022-12-10 21:05:11
(epstopdf)                    size: 33645 bytes
(epstopdf)             Command: <repstopdf --outfile=CPF-eps-converted-to.pdf C
PF.eps>
(epstopdf)             \includegraphics on input line 88.
Package epstopdf Info: Output file is already uptodate.
<CPF-eps-converted-to.pdf, id=13, 245.91875pt x 169.63374pt>
File: CPF-eps-converted-to.pdf Graphic file (type pdf)
<use CPF-eps-converted-to.pdf>
Package pdftex.def Info: CPF-eps-converted-to.pdf  used on input line 88.
(pdftex.def)             Requested size: 240.42593pt x 165.85165pt.
[2 <./CPF-eps-converted-to.pdf>]
Overfull \hbox (8.62979pt too wide) in paragraph at lines 171--173
\OT1/ptm/m/n/10 where $\OML/cmm/m/it/10 ![] \OT1/cmr/m/n/10 = []$\OT1/ptm/m/n/1
0 ,
 []


Underfull \hbox (badness 10000) in paragraph at lines 254--256

 []

[3]
Underfull \hbox (badness 10000) in paragraph at lines 293--295
\OT1/ptm/m/n/10 where $[]$ is es-ti-mated value of $\OML/cmm/b/it/10 W[]$\OT1/p
tm/m/n/10 , $\OML/cmm/b/it/10 ^^Z[] \OT1/cmr/m/n/10 =
 []

Package epstopdf Info: Source file: <CPFCS.eps>
(epstopdf)                    date: 2022-12-11 12:24:12
(epstopdf)                    size: 145644 bytes
(epstopdf)             Output file: <CPFCS-eps-converted-to.pdf>
(epstopdf)                    date: 2022-12-11 12:24:30
(epstopdf)                    size: 46198 bytes
(epstopdf)             Command: <repstopdf --outfile=CPFCS-eps-converted-to.pdf
 CPFCS.eps>
(epstopdf)             \includegraphics on input line 345.
Package epstopdf Info: Output file is already uptodate.
<CPFCS-eps-converted-to.pdf, id=48, 411.5375pt x 194.7275pt>
File: CPFCS-eps-converted-to.pdf Graphic file (type pdf)
<use CPFCS-eps-converted-to.pdf>
Package pdftex.def Info: CPFCS-eps-converted-to.pdf  used on input line 345.
(pdftex.def)             Requested size: 240.42593pt x 113.76208pt.

Underfull \hbox (badness 10000) in paragraph at lines 395--397
\OT1/ptm/m/n/10 Let $\OML/cmm/m/it/10 ^^T[] \OT1/cmr/m/n/10 = []\OMS/cmsy/m/n/1
0 f[]\OT1/cmr/m/n/10 (\OML/cmm/b/it/10 Q\OT1/cmr/m/n/10 )\OML/cmm/m/it/10 ; \OT
1/cmr/m/n/10 ^^@[])\OMS/cmsy/m/n/10 g$\OT1/ptm/m/n/10 , $\OML/cmm/m/it/10 ^^T[]
 \OT1/cmr/m/n/10 =
 []

[4 <./CPFCS-eps-converted-to.pdf>]
Package epstopdf Info: Source file: <communication.eps>
(epstopdf)                    date: 2022-12-10 21:04:48
(epstopdf)                    size: 49254 bytes
(epstopdf)             Output file: <communication-eps-converted-to.pdf>
(epstopdf)                    date: 2022-12-10 21:05:13
(epstopdf)                    size: 18012 bytes
(epstopdf)             Command: <repstopdf --outfile=communication-eps-converte
d-to.pdf communication.eps>
(epstopdf)             \includegraphics on input line 455.
Package epstopdf Info: Output file is already uptodate.
<communication-eps-converted-to.pdf, id=70, 295.1025pt x 55.20625pt>
File: communication-eps-converted-to.pdf Graphic file (type pdf)
<use communication-eps-converted-to.pdf>
Package pdftex.def Info: communication-eps-converted-to.pdf  used on input line
 455.
(pdftex.def)             Requested size: 170.71652pt x 31.93707pt.
Package epstopdf Info: Source file: <map.eps>
(epstopdf)                    date: 2022-12-09 18:25:10
(epstopdf)                    size: 172373 bytes
(epstopdf)             Output file: <map-eps-converted-to.pdf>
(epstopdf)                    date: 2022-12-09 18:29:32
(epstopdf)                    size: 176235 bytes
(epstopdf)             Command: <repstopdf --outfile=map-eps-converted-to.pdf m
ap.eps>
(epstopdf)             \includegraphics on input line 462.
Package epstopdf Info: Output file is already uptodate.
<map-eps-converted-to.pdf, id=71, 421.575pt x 316.18124pt>
File: map-eps-converted-to.pdf Graphic file (type pdf)
<use map-eps-converted-to.pdf>
Package pdftex.def Info: map-eps-converted-to.pdf  used on input line 462.
(pdftex.def)             Requested size: 240.42593pt x 180.32167pt.
Package epstopdf Info: Source file: <path_following_errors.eps>
(epstopdf)                    date: 2022-12-09 18:25:46
(epstopdf)                    size: 173082 bytes
(epstopdf)             Output file: <path_following_errors-eps-converted-to.pdf
>
(epstopdf)                    date: 2022-12-09 18:29:35
(epstopdf)                    size: 186003 bytes
(epstopdf)             Command: <repstopdf --outfile=path_following_errors-eps-
converted-to.pdf path_following_errors.eps>
(epstopdf)             \includegraphics on input line 469.
Package epstopdf Info: Output file is already uptodate.
<path_following_errors-eps-converted-to.pdf, id=72, 421.575pt x 316.18124pt>
File: path_following_errors-eps-converted-to.pdf Graphic file (type pdf)
<use path_following_errors-eps-converted-to.pdf>
Package pdftex.def Info: path_following_errors-eps-converted-to.pdf  used on in
put line 469.
(pdftex.def)             Requested size: 240.42593pt x 180.32167pt.
Package epstopdf Info: Source file: <coordinated_errors.eps>
(epstopdf)                    date: 2022-12-09 18:27:04
(epstopdf)                    size: 98798 bytes
(epstopdf)             Output file: <coordinated_errors-eps-converted-to.pdf>
(epstopdf)                    date: 2022-12-09 18:29:38
(epstopdf)                    size: 108649 bytes
(epstopdf)             Command: <repstopdf --outfile=coordinated_errors-eps-con
verted-to.pdf coordinated_errors.eps>
(epstopdf)             \includegraphics on input line 476.
Package epstopdf Info: Output file is already uptodate.
<coordinated_errors-eps-converted-to.pdf, id=73, 421.575pt x 316.18124pt>
File: coordinated_errors-eps-converted-to.pdf Graphic file (type pdf)
<use coordinated_errors-eps-converted-to.pdf>
Package pdftex.def Info: coordinated_errors-eps-converted-to.pdf  used on input
 line 476.
(pdftex.def)             Requested size: 240.42593pt x 180.32167pt.
Package epstopdf Info: Source file: <velocities.eps>
(epstopdf)                    date: 2022-12-09 18:29:25
(epstopdf)                    size: 188908 bytes
(epstopdf)             Output file: <velocities-eps-converted-to.pdf>
(epstopdf)                    date: 2022-12-09 18:29:40
(epstopdf)                    size: 207657 bytes
(epstopdf)             Command: <repstopdf --outfile=velocities-eps-converted-t
o.pdf velocities.eps>
(epstopdf)             \includegraphics on input line 483.
Package epstopdf Info: Output file is already uptodate.
<velocities-eps-converted-to.pdf, id=74, 421.575pt x 316.18124pt>
File: velocities-eps-converted-to.pdf Graphic file (type pdf)
<use velocities-eps-converted-to.pdf>
Package pdftex.def Info: velocities-eps-converted-to.pdf  used on input line 48
3.
(pdftex.def)             Requested size: 240.42593pt x 180.32167pt.
Package epstopdf Info: Source file: <RBFNN.eps>
(epstopdf)                    date: 2022-12-09 18:26:15
(epstopdf)                    size: 177675 bytes
(epstopdf)             Output file: <RBFNN-eps-converted-to.pdf>
(epstopdf)                    date: 2022-12-09 18:29:43
(epstopdf)                    size: 194062 bytes
(epstopdf)             Command: <repstopdf --outfile=RBFNN-eps-converted-to.pdf
 RBFNN.eps>
(epstopdf)             \includegraphics on input line 490.
Package epstopdf Info: Output file is already uptodate.
<RBFNN-eps-converted-to.pdf, id=75, 421.575pt x 316.18124pt>
File: RBFNN-eps-converted-to.pdf Graphic file (type pdf)
<use RBFNN-eps-converted-to.pdf>
Package pdftex.def Info: RBFNN-eps-converted-to.pdf  used on input line 490.
(pdftex.def)             Requested size: 240.42593pt x 180.32167pt.
 [5 <./communication-eps-converted-to.pdf> <./map-eps-converted-to.pdf> <./path
_following_errors-eps-converted-to.pdf>]
[6 <./coordinated_errors-eps-converted-to.pdf> <./velocities-eps-converted-to.p
df> <./RBFNN-eps-converted-to.pdf>] (./sample_english.aux)

LaTeX Warning: There were multiply-defined labels.

 ) 
Here is how much of TeX's memory you used:
 4528 strings out of 478268
 71017 string characters out of 5850345
 399367 words of memory out of 5000000
 22641 multiletter control sequences out of 15000+600000
 488278 words of font info for 66 fonts, out of 8000000 for 9000
 1141 hyphenation exceptions out of 8191
 70i,11n,76p,1781b,274s stack positions out of 10000i,1000n,20000p,200000b,200000s
{d:/texlive/2022/texmf-dist/fonts/enc/dvips/base/8r.enc}<d:/texlive/2022/texm
f-dist/fonts/type1/public/amsfonts/cm/cmbsy10.pfb><d:/texlive/2022/texmf-dist/f
onts/type1/public/amsfonts/cm/cmbx10.pfb><d:/texlive/2022/texmf-dist/fonts/type
1/public/amsfonts/cm/cmex10.pfb><d:/texlive/2022/texmf-dist/fonts/type1/public/
amsfonts/cm/cmmi10.pfb><d:/texlive/2022/texmf-dist/fonts/type1/public/amsfonts/
cm/cmmi5.pfb><d:/texlive/2022/texmf-dist/fonts/type1/public/amsfonts/cm/cmmi7.p
fb><d:/texlive/2022/texmf-dist/fonts/type1/public/amsfonts/cm/cmmib10.pfb><d:/t
exlive/2022/texmf-dist/fonts/type1/public/amsfonts/cm/cmr10.pfb><d:/texlive/202
2/texmf-dist/fonts/type1/public/amsfonts/cm/cmr5.pfb><d:/texlive/2022/texmf-dis
t/fonts/type1/public/amsfonts/cm/cmr7.pfb><d:/texlive/2022/texmf-dist/fonts/typ
e1/public/amsfonts/cm/cmsy10.pfb><d:/texlive/2022/texmf-dist/fonts/type1/public
/amsfonts/cm/cmsy5.pfb><d:/texlive/2022/texmf-dist/fonts/type1/public/amsfonts/
cm/cmsy7.pfb><d:/texlive/2022/texmf-dist/fonts/type1/public/amsfonts/symbols/ms
bm10.pfb><d:/texlive/2022/texmf-dist/fonts/type1/urw/times/utmb8a.pfb><d:/texli
ve/2022/texmf-dist/fonts/type1/urw/times/utmr8a.pfb><d:/texlive/2022/texmf-dist
/fonts/type1/urw/times/utmri8a.pfb>
Output written on sample_english.pdf (6 pages, 1182220 bytes).
PDF statistics:
 243 PDF objects out of 1000 (max. 8388607)
 92 compressed objects within 1 object stream
 0 named destinations out of 1000 (max. 500000)
 41 words of extra memory for PDF output out of 10000 (max. 10000000)

